# CALM-Bogna trigger log
# participant_id=sub-male0001
# timestamp=20260421T113418
# parallel_port=True
# format: timestamp\tcode\tstatus
# Pełna legenda kodów i wycinki pod analizę: CALM_Bogna_EEG_trigger_codes.txt (ten folder)
20260421T113433.525818	1	SENT
20260421T113433.576445	10	SENT
20260421T113514.833465	11	SENT
20260421T113539.188283	20	SENT
20260421T113756.649322	21	SENT
20260421T113756.700399	30	SENT
20260421T113847.934785	31	SENT
20260421T113937.577201	40	SENT
20260421T114938.682648	41	SENT
20260421T115136.863406	50	SENT
20260421T115812.016129	51	SENT
20260421T115812.067145	60	SENT
20260421T115853.686409	61	SENT
20260421T120008.283784	100	SENT
20260421T120445.111823	101	SENT
20260421T120445.162830	110	SENT
20260421T120524.984130	111	SENT
20260421T120730.612068	120	SENT
20260421T121731.715529	121	SENT
20260421T121731.766306	130	SENT
20260421T121812.633653	131	SENT
20260421T122000.827914	140	SENT
20260421T123001.935225	141	SENT
20260421T123001.985711	150	SENT
20260421T123032.546349	151	SENT
20260421T123102.994264	160	SENT
20260421T123644.586351	161	SENT
20260421T123644.637371	170	SENT
20260421T123741.842699	171	SENT
20260421T123741.893570	2	SENT
